<?xml version="1.0" encoding="UTF-8"?>
<!-- Generated by org.testng.reporters.JUnitReportReporter -->
<testsuite hostname="LAPTOP-LNQO8009" failures="0" tests="1" name="com.epam.tc.hw1.addAndSubtractTestsPackage.CalculatorSubtractTest" time="0.000" errors="0" timestamp="2021-08-02T08:09:46 MSK" skipped="0">
  <testcase classname="com.epam.tc.hw1.addAndSubtractTestsPackage.CalculatorSubtractTest" name="subtractTest" time="0.000"/>
  <system-out/>
</testsuite> <!-- com.epam.tc.hw1.addAndSubtractTestsPackage.CalculatorSubtractTest -->
